<?xml version="1.0" encoding="UTF-8"?>
<coverage generated="1787829046838" clover="3.2.0">
  <project timestamp="1787829046838" name="All files">
    <metrics statements="4744" coveredstatements="3900" conditionals="2876" coveredconditionals="2077" methods="975" coveredmethods="814" elements="8595" coveredelements="6791" complexity="0" loc="4744" ncloc="4744" packages="29" files="101" classes="101"/>
    <package name="src">
      <metrics statements="1162" coveredstatements="457" conditionals="624" coveredconditionals="143" methods="179" coveredmethods="75"/>
      <file name="extension.ts" path="/home/z/my-project/ruby-rails-extension/src/extension.ts">
        <metrics statements="1162" coveredstatements="457" conditionals="624" coveredconditionals="143" methods="179" coveredmethods="75"/>
        <line num="93" count="4" type="stmt"/>
        <line num="97" count="28" type="stmt"/>
        <line num="98" count="28" type="cond" truecount="2" falsecount="2"/>
        <line num="102" count="28" type="stmt"/>
        <line num="103" count="28" type="stmt"/>
        <line num="104" count="28" type="stmt"/>
        <line num="105" count="28" type="stmt"/>
        <line num="106" count="28" type="stmt"/>
        <line num="107" count="28" type="stmt"/>
        <line num="108" count="28" type="stmt"/>
        <line num="109" count="28" type="stmt"/>
        <line num="110" count="28" type="stmt"/>
        <line num="111" count="28" type="stmt"/>
        <line num="112" count="28" type="stmt"/>
        <line num="113" count="28" type="stmt"/>
        <line num="114" count="28" type="stmt"/>
        <line num="115" count="28" type="stmt"/>
        <line num="116" count="28" type="stmt"/>
        <line num="117" count="28" type="stmt"/>
        <line num="118" count="28" type="stmt"/>
        <line num="119" count="0" type="stmt"/>
        <line num="121" count="28" type="stmt"/>
        <line num="122" count="28" type="stmt"/>
        <line num="123" count="0" type="stmt"/>
        <line num="125" count="28" type="stmt"/>
        <line num="126" count="28" type="stmt"/>
        <line num="127" count="28" type="stmt"/>
        <line num="128" count="28" type="stmt"/>
        <line num="129" count="28" type="stmt"/>
        <line num="130" count="28" type="stmt"/>
        <line num="131" count="28" type="stmt"/>
        <line num="132" count="28" type="stmt"/>
        <line num="133" count="28" type="stmt"/>
        <line num="134" count="28" type="stmt"/>
        <line num="135" count="28" type="stmt"/>
        <line num="141" count="28" type="stmt"/>
        <line num="142" count="28" type="stmt"/>
        <line num="148" count="28" type="stmt"/>
        <line num="149" count="28" type="stmt"/>
        <line num="150" count="28" type="stmt"/>
        <line num="151" count="28" type="stmt"/>
        <line num="152" count="28" type="stmt"/>
        <line num="153" count="28" type="stmt"/>
        <line num="160" count="28" type="stmt"/>
        <line num="162" count="28" type="cond" truecount="1" falsecount="1"/>
        <line num="163" count="28" type="stmt"/>
        <line num="164" count="28" type="cond" truecount="1" falsecount="1"/>
        <line num="165" count="28" type="stmt"/>
        <line num="168" count="28" type="stmt"/>
        <line num="172" count="28" type="stmt"/>
        <line num="173" count="28" type="stmt"/>
        <line num="178" count="28" type="cond" truecount="2" falsecount="0"/>
        <line num="179" count="28" type="cond" truecount="1" falsecount="1"/>
        <line num="180" count="0" type="cond" truecount="0" falsecount="2"/>
        <line num="186" count="28" type="stmt"/>
        <line num="188" count="28" type="stmt"/>
        <line num="189" count="28" type="cond" truecount="1" falsecount="1"/>
        <line num="191" count="28" type="stmt"/>
        <line num="193" count="28" type="stmt"/>
        <line num="194" count="28" type="stmt"/>
        <line num="195" count="28" type="stmt"/>
        <line num="201" count="28" type="stmt"/>
        <line num="202" count="28" type="cond" truecount="2" falsecount="0"/>
        <line num="203" count="28" type="stmt"/>
        <line num="204" count="28" type="stmt"/>
        <line num="205" count="28" type="stmt"/>
        <line num="206" count="28" type="stmt"/>
        <line num="207" count="28" type="stmt"/>
        <line num="208" count="28" type="stmt"/>
        <line num="209" count="28" type="stmt"/>
        <line num="211" count="28" type="cond" truecount="1" falsecount="1"/>
        <line num="213" count="29" type="cond" truecount="1" falsecount="0"/>
        <line num="228" count="0" type="stmt"/>
        <line num="230" count="0" type="cond" truecount="0" falsecount="2"/>
        <line num="231" count="0" type="cond" truecount="0" falsecount="2"/>
        <line num="232" count="0" type="stmt"/>
        <line num="236" count="28" type="stmt"/>
        <line num="244" count="28" type="stmt"/>
        <line num="245" count="0" type="stmt"/>
        <line num="246" count="0" type="stmt"/>
        <line num="247" count="0" type="stmt"/>
        <line num="248" count="0" type="stmt"/>
        <line num="251" count="28" type="stmt"/>
        <line num="255" count="28" type="stmt"/>
        <line num="259" count="28" type="stmt"/>
        <line num="260" count="28" type="cond" truecount="1" falsecount="1"/>
        <line num="262" count="28" type="stmt"/>
        <line num="266" count="28" type="stmt"/>
        <line num="271" count="0" type="stmt"/>
        <line num="273" count="28" type="stmt"/>
        <line num="283" count="28" type="stmt"/>
        <line num="284" count="28" type="cond" truecount="1" falsecount="1"/>
        <line num="285" count="28" type="stmt"/>
        <line num="286" count="0" type="stmt"/>
        <line num="287" count="0" type="stmt"/>
        <line num="297" count="28" type="cond" truecount="3" falsecount="1"/>
        <line num="298" count="0" type="stmt"/>
        <line num="299" count="0" type="stmt"/>
        <line num="306" count="28" type="cond" truecount="1" falsecount="1"/>
        <line num="307" count="28" type="stmt"/>
        <line num="310" count="28" type="stmt"/>
        <line num="311" count="28" type="stmt"/>
        <line num="312" count="28" type="stmt"/>
        <line num="316" count="28" type="stmt"/>
        <line num="317" count="0" type="stmt"/>
        <line num="318" count="0" type="stmt"/>
        <line num="323" count="28" type="stmt"/>
        <line num="324" count="0" type="stmt"/>
        <line num="325" count="0" type="stmt"/>
        <line num="326" count="0" type="stmt"/>
        <line num="330" count="28" type="stmt"/>
        <line num="331" count="28" type="stmt"/>
        <line num="332" count="28" type="stmt"/>
        <line num="333" count="28" type="stmt"/>
        <line num="334" count="28" type="stmt"/>
        <line num="338" count="28" type="stmt"/>
        <line num="344" count="28" type="stmt"/>
        <line num="345" count="28" type="stmt"/>
        <line num="347" count="28" type="stmt"/>
        <line num="352" count="28" type="cond" truecount="2" falsecount="0"/>
        <line num="356" count="28" type="stmt"/>
        <line num="362" count="0" type="stmt"/>
        <line num="366" count="0" type="stmt"/>
        <line num="413" count="28" type="stmt"/>
        <line num="414" count="28" type="stmt"/>
        <line num="415" count="1" type="cond" truecount="2" falsecount="2"/>
        <line num="416" count="1" type="stmt"/>
        <line num="417" count="1" type="stmt"/>
        <line num="418" count="1" type="cond" truecount="1" falsecount="1"/>
        <line num="419" count="1" type="stmt"/>
        <line num="420" count="0" type="stmt"/>
        <line num="421" count="0" type="stmt"/>
        <line num="422" count="0" type="stmt"/>
        <line num="423" count="0" type="stmt"/>
        <line num="424" count="0" type="stmt"/>
        <line num="425" count="0" type="stmt"/>
        <line num="428" count="28" type="stmt"/>
        <line num="429" count="1" type="cond" truecount="1" falsecount="1"/>
        <line num="430" count="1" type="stmt"/>
        <line num="431" count="1" type="stmt"/>
        <line num="432" count="1" type="cond" truecount="1" falsecount="1"/>
        <line num="433" count="1" type="stmt"/>
        <line num="434" count="0" type="stmt"/>
        <line num="435" count="0" type="stmt"/>
        <line num="439" count="28" type="stmt"/>
        <line num="440" count="1" type="cond" truecount="3" falsecount="1"/>
        <line num="441" count="0" type="stmt"/>
        <line num="442" count="0" type="stmt"/>
        <line num="443" count="0" type="stmt"/>
        <line num="446" count="28" type="stmt"/>
        <line num="447" count="1" type="stmt"/>
        <line num="448" count="1" type="stmt"/>
        <line num="451" count="28" type="stmt"/>
        <line num="452" count="28" type="stmt"/>
        <line num="453" count="28" type="stmt"/>
        <line num="454" count="2" type="cond" truecount="2" falsecount="0"/>
        <line num="455" count="1" type="stmt"/>
        <line num="456" count="1" type="cond" truecount="1" falsecount="1"/>
        <line num="457" count="0" type="stmt"/>
        <line num="459" count="1" type="stmt"/>
        <line num="460" count="1" type="cond" truecount="2" falsecount="2"/>
        <line num="464" count="0" type="stmt"/>
        <line num="465" count="0" type="cond" truecount="0" falsecount="2"/>
        <line num="466" count="0" type="stmt"/>
        <line num="467" count="0" type="stmt"/>
        <line num="468" count="0" type="cond" truecount="0" falsecount="2"/>
        <line num="469" count="0" type="stmt"/>
        <line num="472" count="0" type="cond" truecount="0" falsecount="2"/>
        <line num="473" count="0" type="stmt"/>
        <line num="475" count="0" type="stmt"/>
        <line num="480" count="1" type="cond" truecount="2" falsecount="2"/>
        <line num="483" count="0" type="stmt"/>
        <line num="484" count="0" type="cond" truecount="0" falsecount="2"/>
        <line num="485" count="0" type="stmt"/>
        <line num="486" count="0" type="stmt"/>
        <line num="492" count="28" type="stmt"/>
        <line num="530" count="28" type="stmt"/>
        <line num="533" count="28" type="cond" truecount="1" falsecount="1"/>
        <line num="534" count="28" type="stmt"/>
        <line num="538" count="28" type="stmt"/>
        <line num="539" count="28" type="stmt"/>
        <line num="540" count="28" type="stmt"/>
        <line num="541" count="28" type="stmt"/>
        <line num="542" count="28" type="stmt"/>
        <line num="546" count="28" type="stmt"/>
        <line num="547" count="28" type="cond" truecount="1" falsecount="1"/>
        <line num="549" count="28" type="stmt"/>
        <line num="550" count="28" type="cond" truecount="1" falsecount="1"/>
        <line num="552" count="0" type="stmt"/>
        <line num="553" count="0" type="cond" truecount="0" falsecount="2"/>
        <line num="554" count="0" type="stmt"/>
        <line num="555" count="0" type="cond" truecount="0" falsecount="4"/>
        <line num="557" count="0" type="stmt"/>
        <line num="562" count="0" type="cond" truecount="0" falsecount="2"/>
        <line num="563" count="0" type="stmt"/>
        <line num="565" count="0" type="cond" truecount="0" falsecount="2"/>
        <line num="566" count="0" type="stmt"/>
        <line num="571" count="0" type="stmt"/>
        <line num="572" count="0" type="cond" truecount="0" falsecount="2"/>
        <line num="573" count="0" type="stmt"/>
        <line num="574" count="0" type="stmt"/>
        <line num="575" count="0" type="cond" truecount="0" falsecount="4"/>
        <line num="576" count="0" type="stmt"/>
        <line num="577" count="0" type="cond" truecount="0" falsecount="2"/>
        <line num="578" count="0" type="stmt"/>
        <line num="579" count="0" type="stmt"/>
        <line num="586" count="28" type="stmt"/>
        <line num="587" count="28" type="stmt"/>
        <line num="588" count="0" type="cond" truecount="0" falsecount="2"/>
        <line num="589" count="0" type="stmt"/>
        <line num="590" count="0" type="cond" truecount="0" falsecount="2"/>
        <line num="591" count="0" type="stmt"/>
        <line num="592" count="0" type="stmt"/>
        <line num="596" count="28" type="stmt"/>
        <line num="597" count="28" type="stmt"/>
        <line num="598" count="28" type="stmt"/>
        <line num="603" count="1" type="stmt"/>
        <line num="608" count="1" type="cond" truecount="1" falsecount="1"/>
        <line num="618" count="0" type="stmt"/>
        <line num="622" count="0" type="stmt"/>
        <line num="623" count="0" type="stmt"/>
        <line num="624" count="0" type="stmt"/>
        <line num="625" count="0" type="stmt"/>
        <line num="626" count="0" type="stmt"/>
        <line num="632" count="28" type="stmt"/>
        <line num="633" count="28" type="stmt"/>
        <line num="634" count="0" type="cond" truecount="0" falsecount="2"/>
        <line num="635" count="0" type="stmt"/>
        <line num="636" count="0" type="cond" truecount="0" falsecount="2"/>
        <line num="637" count="0" type="stmt"/>
        <line num="638" count="0" type="stmt"/>
        <line num="640" count="0" type="stmt"/>
        <line num="644" count="28" type="stmt"/>
        <line num="645" count="28" type="stmt"/>
        <line num="646" count="28" type="stmt"/>
        <line num="647" count="28" type="stmt"/>
        <line num="658" count="0" type="stmt"/>
        <line num="667" count="0" type="stmt"/>
        <line num="668" count="0" type="stmt"/>
        <line num="669" count="0" type="stmt"/>
        <line num="670" count="0" type="stmt"/>
        <line num="671" count="0" type="stmt"/>
        <line num="672" count="0" type="stmt"/>
        <line num="673" count="0" type="stmt"/>
        <line num="677" count="0" type="stmt"/>
        <line num="678" count="0" type="stmt"/>
        <line num="679" count="0" type="stmt"/>
        <line num="680" count="0" type="stmt"/>
        <line num="681" count="0" type="stmt"/>
        <line num="685" count="0" type="stmt"/>
        <line num="686" count="0" type="stmt"/>
        <line num="687" count="0" type="stmt"/>
        <line num="688" count="0" type="stmt"/>
        <line num="689" count="0" type="stmt"/>
        <line num="690" count="0" type="stmt"/>
        <line num="693" count="0" type="stmt"/>
        <line num="694" count="0" type="stmt"/>
        <line num="695" count="0" type="stmt"/>
        <line num="696" count="0" type="stmt"/>
        <line num="697" count="0" type="stmt"/>
        <line num="700" count="0" type="stmt"/>
        <line num="704" count="28" type="stmt"/>
        <line num="706" count="28" type="stmt"/>
        <line num="707" count="0" type="cond" truecount="0" falsecount="2"/>
        <line num="708" count="0" type="stmt"/>
        <line num="711" count="28" type="stmt"/>
        <line num="712" count="0" type="cond" truecount="0" falsecount="2"/>
        <line num="713" count="0" type="stmt"/>
        <line num="714" count="0" type="cond" truecount="0" falsecount="2"/>
        <line num="715" count="0" type="stmt"/>
        <line num="716" count="0" type="stmt"/>
        <line num="718" count="0" type="stmt"/>
        <line num="720" count="0" type="stmt"/>
        <line num="723" count="28" type="stmt"/>
        <line num="724" count="28" type="stmt"/>
        <line num="725" count="28" type="stmt"/>
        <line num="726" count="0" type="stmt"/>
        <line num="727" count="0" type="stmt"/>
        <line num="729" count="28" type="stmt"/>
        <line num="741" count="28" type="stmt"/>
        <line num="745" count="28" type="stmt"/>
        <line num="746" count="0" type="cond" truecount="0" falsecount="2"/>
        <line num="747" count="0" type="stmt"/>
        <line num="748" count="0" type="stmt"/>
        <line num="749" count="0" type="stmt"/>
        <line num="750" count="0" type="stmt"/>
        <line num="751" count="0" type="stmt"/>
        <line num="752" count="0" type="stmt"/>
        <line num="756" count="28" type="stmt"/>
        <line num="757" count="0" type="cond" truecount="0" falsecount="2"/>
        <line num="758" count="0" type="stmt"/>
        <line num="759" count="0" type="cond" truecount="0" falsecount="2"/>
        <line num="760" count="0" type="stmt"/>
        <line num="761" count="0" type="stmt"/>
        <line num="763" count="0" type="stmt"/>
        <line num="765" count="0" type="stmt"/>
        <line num="768" count="28" type="stmt"/>
        <line num="769" count="28" type="stmt"/>
        <line num="770" count="28" type="stmt"/>
        <line num="771" count="0" type="stmt"/>
        <line num="772" count="0" type="stmt"/>
        <line num="774" count="28" type="stmt"/>
        <line num="778" count="0" type="stmt"/>
        <line num="779" count="0" type="stmt"/>
        <line num="795" count="0" type="stmt"/>
        <line num="796" count="0" type="stmt"/>
        <line num="797" count="0" type="stmt"/>
        <line num="798" count="0" type="cond" truecount="0" falsecount="2"/>
        <line num="799" count="0" type="stmt"/>
        <line num="800" count="0" type="stmt"/>
        <line num="806" count="0" type="stmt"/>
        <line num="807" count="0" type="cond" truecount="0" falsecount="2"/>
        <line num="809" count="0" type="stmt"/>
        <line num="814" count="0" type="cond" truecount="0" falsecount="2"/>
        <line num="816" count="0" type="stmt"/>
        <line num="817" count="0" type="stmt"/>
        <line num="818" count="0" type="stmt"/>
        <line num="819" count="0" type="stmt"/>
        <line num="820" count="0" type="stmt"/>
        <line num="836" count="0" type="cond" truecount="0" falsecount="2"/>
        <line num="838" count="0" type="stmt"/>
        <line num="839" count="0" type="cond" truecount="0" falsecount="2"/>
        <line num="841" count="0" type="stmt"/>
        <line num="842" count="0" type="stmt"/>
        <line num="843" count="0" type="stmt"/>
        <line num="851" count="0" type="stmt"/>
        <line num="852" count="0" type="stmt"/>
        <line num="853" count="0" type="cond" truecount="0" falsecount="2"/>
        <line num="854" count="0" type="stmt"/>
        <line num="855" count="0" type="stmt"/>
        <line num="857" count="0" type="stmt"/>
        <line num="861" count="0" type="stmt"/>
        <line num="870" count="0" type="stmt"/>
        <line num="871" count="0" type="stmt"/>
        <line num="881" count="0" type="stmt"/>
        <line num="882" count="0" type="stmt"/>
        <line num="883" count="0" type="cond" truecount="0" falsecount="2"/>
        <line num="884" count="0" type="stmt"/>
        <line num="886" count="0" type="cond" truecount="0" falsecount="2"/>
        <line num="887" count="0" type="stmt"/>
        <line num="889" count="0" type="stmt"/>
        <line num="897" count="0" type="stmt"/>
        <line num="899" count="0" type="stmt"/>
        <line num="900" count="0" type="stmt"/>
        <line num="901" count="0" type="cond" truecount="0" falsecount="2"/>
        <line num="902" count="0" type="stmt"/>
        <line num="906" count="0" type="cond" truecount="0" falsecount="2"/>
        <line num="909" count="0" type="stmt"/>
        <line num="910" count="0" type="stmt"/>
        <line num="912" count="0" type="cond" truecount="0" falsecount="2"/>
        <line num="913" count="0" type="stmt"/>
        <line num="914" count="0" type="stmt"/>
        <line num="917" count="0" type="stmt"/>
        <line num="918" count="0" type="stmt"/>
        <line num="919" count="0" type="stmt"/>
        <line num="921" count="0" type="stmt"/>
        <line num="925" count="28" type="stmt"/>
        <line num="926" count="28" type="stmt"/>
        <line num="927" count="28" type="stmt"/>
        <line num="928" count="28" type="stmt"/>
        <line num="935" count="28" type="stmt"/>
        <line num="936" count="28" type="stmt"/>
        <line num="937" count="28" type="stmt"/>
        <line num="938" count="28" type="stmt"/>
        <line num="952" count="6" type="stmt"/>
        <line num="953" count="6" type="stmt"/>
        <line num="954" count="6" type="stmt"/>
        <line num="955" count="6" type="stmt"/>
        <line num="957" count="40" type="stmt"/>
        <line num="958" count="6" type="stmt"/>
        <line num="959" count="34" type="stmt"/>
        <line num="960" count="243" type="cond" truecount="2" falsecount="0"/>
        <line num="964" count="6" type="stmt"/>
        <line num="965" count="6" type="stmt"/>
        <line num="966" count="6" type="stmt"/>
        <line num="967" count="6" type="stmt"/>
        <line num="968" count="6" type="stmt"/>
        <line num="969" count="27" type="cond" truecount="5" falsecount="0"/>
        <line num="970" count="27" type="stmt"/>
        <line num="972" count="6" type="cond" truecount="2" falsecount="0"/>
        <line num="973" count="40" type="cond" truecount="2" falsecount="0"/>
        <line num="974" count="27" type="stmt"/>
        <line num="975" count="27" type="stmt"/>
        <line num="976" count="27" type="stmt"/>
        <line num="977" count="27" type="stmt"/>
        <line num="979" count="13" type="cond" truecount="2" falsecount="0"/>
        <line num="980" count="13" type="cond" truecount="2" falsecount="0"/>
        <line num="981" count="7" type="stmt"/>
        <line num="982" count="7" type="stmt"/>
        <line num="984" count="6" type="stmt"/>
        <line num="985" count="6" type="stmt"/>
        <line num="988" count="6" type="cond" truecount="1" falsecount="1"/>
        <line num="989" count="0" type="stmt"/>
        <line num="990" count="0" type="stmt"/>
        <line num="991" count="0" type="stmt"/>
        <line num="992" count="6" type="cond" truecount="3" falsecount="1"/>
        <line num="993" count="0" type="stmt"/>
        <line num="995" count="6" type="stmt"/>
        <line num="1005" count="4" type="stmt"/>
        <line num="1006" count="4" type="stmt"/>
        <line num="1007" count="4" type="stmt"/>
        <line num="1008" count="8" type="stmt"/>
        <line num="1009" count="8" type="cond" truecount="4" falsecount="0"/>
        <line num="1010" count="3" type="stmt"/>
        <line num="1012" count="4" type="stmt"/>
        <line num="1021" count="4" type="stmt"/>
        <line num="1022" count="4" type="stmt"/>
        <line num="1023" count="4" type="stmt"/>
        <line num="1024" count="4" type="stmt"/>
        <line num="1025" count="4" type="stmt"/>
        <line num="1026" count="4" type="stmt"/>
        <line num="1027" count="4" type="stmt"/>
        <line num="1029" count="4" type="stmt"/>
        <line num="1030" count="4" type="stmt"/>
        <line num="1038" count="0" type="stmt"/>
        <line num="1039" count="0" type="stmt"/>
        <line num="1040" count="0" type="stmt"/>
        <line num="1041" count="0" type="stmt"/>
        <line num="1042" count="0" type="stmt"/>
        <line num="1043" count="0" type="cond" truecount="0" falsecount="4"/>
        <line num="1044" count="0" type="stmt"/>
        <line num="1049" count="0" type="stmt"/>
        <line num="1050" count="0" type="cond" truecount="0" falsecount="2"/>
        <line num="1051" count="0" type="stmt"/>
        <line num="1052" count="0" type="cond" truecount="0" falsecount="2"/>
        <line num="1061" count="0" type="stmt"/>
        <line num="1062" count="0" type="cond" truecount="0" falsecount="2"/>
        <line num="1063" count="0" type="stmt"/>
        <line num="1064" count="0" type="cond" truecount="0" falsecount="2"/>
        <line num="1074" count="0" type="stmt"/>
        <line num="1075" count="0" type="stmt"/>
        <line num="1076" count="0" type="stmt"/>
        <line num="1077" count="0" type="stmt"/>
        <line num="1078" count="0" type="stmt"/>
        <line num="1079" count="0" type="stmt"/>
        <line num="1080" count="0" type="cond" truecount="0" falsecount="2"/>
        <line num="1081" count="0" type="stmt"/>
        <line num="1082" count="0" type="stmt"/>
        <line num="1083" count="0" type="stmt"/>
        <line num="1084" count="0" type="stmt"/>
        <line num="1085" count="0" type="stmt"/>
        <line num="1086" count="0" type="stmt"/>
        <line num="1088" count="0" type="cond" truecount="0" falsecount="2"/>
        <line num="1089" count="0" type="stmt"/>
        <line num="1091" count="0" type="cond" truecount="0" falsecount="2"/>
        <line num="1092" count="0" type="stmt"/>
        <line num="1094" count="0" type="cond" truecount="0" falsecount="2"/>
        <line num="1095" count="0" type="stmt"/>
        <line num="1097" count="0" type="cond" truecount="0" falsecount="2"/>
        <line num="1098" count="0" type="stmt"/>
        <line num="1100" count="0" type="cond" truecount="0" falsecount="2"/>
        <line num="1101" count="0" type="stmt"/>
        <line num="1103" count="0" type="cond" truecount="0" falsecount="2"/>
        <line num="1104" count="0" type="stmt"/>
        <line num="1106" count="0" type="cond" truecount="0" falsecount="2"/>
        <line num="1107" count="0" type="stmt"/>
        <line num="1109" count="0" type="cond" truecount="0" falsecount="2"/>
        <line num="1110" count="0" type="stmt"/>
        <line num="1112" count="0" type="cond" truecount="0" falsecount="2"/>
        <line num="1113" count="0" type="stmt"/>
        <line num="1115" count="0" type="cond" truecount="0" falsecount="2"/>
        <line num="1116" count="0" type="stmt"/>
        <line num="1118" count="0" type="cond" truecount="0" falsecount="2"/>
        <line num="1119" count="0" type="stmt"/>
        <line num="1121" count="0" type="cond" truecount="0" falsecount="2"/>
        <line num="1122" count="0" type="stmt"/>
        <line num="1124" count="0" type="cond" truecount="0" falsecount="2"/>
        <line num="1125" count="0" type="stmt"/>
        <line num="1127" count="0" type="cond" truecount="0" falsecount="2"/>
        <line num="1136" count="0" type="stmt"/>
        <line num="1137" count="0" type="cond" truecount="0" falsecount="2"/>
        <line num="1138" count="0" type="stmt"/>
        <line num="1139" count="0" type="cond" truecount="0" falsecount="4"/>
        <line num="1140" count="0" type="stmt"/>
        <line num="1141" count="0" type="cond" truecount="0" falsecount="2"/>
        <line num="1142" count="0" type="stmt"/>
        <line num="1143" count="0" type="stmt"/>
        <line num="1144" count="0" type="stmt"/>
        <line num="1154" count="0" type="stmt"/>
        <line num="1155" count="0" type="cond" truecount="0" falsecount="2"/>
        <line num="1156" count="0" type="stmt"/>
        <line num="1158" count="0" type="cond" truecount="0" falsecount="2"/>
        <line num="1159" count="0" type="stmt"/>
        <line num="1160" count="0" type="stmt"/>
        <line num="1170" count="28" type="cond" truecount="1" falsecount="1"/>
        <line num="1171" count="0" type="stmt"/>
        <line num="1172" count="0" type="stmt"/>
        <line num="1173" count="0" type="cond" truecount="0" falsecount="2"/>
        <line num="1174" count="0" type="stmt"/>
        <line num="1176" count="0" type="stmt"/>
        <line num="1179" count="28" type="cond" truecount="1" falsecount="1"/>
        <line num="1180" count="0" type="stmt"/>
        <line num="1181" count="0" type="stmt"/>
        <line num="1182" count="0" type="cond" truecount="0" falsecount="2"/>
        <line num="1183" count="0" type="stmt"/>
        <line num="1185" count="0" type="stmt"/>
        <line num="1188" count="28" type="stmt"/>
        <line num="1189" count="28" type="stmt"/>
        <line num="1190" count="0" type="cond" truecount="0" falsecount="2"/>
        <line num="1191" count="0" type="stmt"/>
        <line num="1193" count="28" type="stmt"/>
        <line num="1232" count="28" type="stmt"/>
        <line num="1234" count="2" type="stmt"/>
        <line num="1235" count="2" type="stmt"/>
        <line num="1238" count="2" type="stmt"/>
        <line num="1239" count="2" type="cond" truecount="1" falsecount="1"/>
        <line num="1240" count="2" type="stmt"/>
        <line num="1241" count="2" type="stmt"/>
        <line num="1243" count="0" type="stmt"/>
        <line num="1244" count="0" type="cond" truecount="0" falsecount="2"/>
        <line num="1245" count="0" type="stmt"/>
        <line num="1246" count="0" type="stmt"/>
        <line num="1248" count="0" type="stmt"/>
        <line num="1249" count="0" type="stmt"/>
        <line num="1253" count="0" type="stmt"/>
        <line num="1256" count="2" type="stmt"/>
        <line num="1257" count="2" type="cond" truecount="1" falsecount="1"/>
        <line num="1258" count="2" type="stmt"/>
        <line num="1259" count="2" type="stmt"/>
        <line num="1261" count="0" type="stmt"/>
        <line num="1262" count="0" type="cond" truecount="0" falsecount="2"/>
        <line num="1263" count="0" type="stmt"/>
        <line num="1264" count="0" type="stmt"/>
        <line num="1266" count="0" type="stmt"/>
        <line num="1271" count="0" type="stmt"/>
        <line num="1272" count="0" type="cond" truecount="0" falsecount="2"/>
        <line num="1274" count="0" type="stmt"/>
        <line num="1275" count="0" type="stmt"/>
        <line num="1276" count="0" type="stmt"/>
        <line num="1277" count="0" type="stmt"/>
        <line num="1278" count="0" type="stmt"/>
        <line num="1281" count="2" type="stmt"/>
        <line num="1282" count="2" type="cond" truecount="1" falsecount="1"/>
        <line num="1283" count="0" type="stmt"/>
        <line num="1290" count="0" type="cond" truecount="0" falsecount="2"/>
        <line num="1291" count="0" type="stmt"/>
        <line num="1294" count="2" type="cond" truecount="1" falsecount="1"/>
        <line num="1295" count="2" type="stmt"/>
        <line num="1301" count="2" type="cond" truecount="2" falsecount="0"/>
        <line num="1303" count="1" type="cond" truecount="1" falsecount="1"/>
        <line num="1304" count="0" type="stmt"/>
        <line num="1305" count="0" type="stmt"/>
        <line num="1306" count="0" type="stmt"/>
        <line num="1309" count="1" type="stmt"/>
        <line num="1310" count="1" type="stmt"/>
        <line num="1311" count="1" type="stmt"/>
        <line num="1314" count="1" type="stmt"/>
        <line num="1315" count="1" type="cond" truecount="1" falsecount="1"/>
        <line num="1316" count="0" type="stmt"/>
        <line num="1317" count="0" type="stmt"/>
        <line num="1319" count="1" type="cond" truecount="1" falsecount="1"/>
        <line num="1320" count="1" type="stmt"/>
        <line num="1321" count="1" type="stmt"/>
        <line num="1324" count="0" type="stmt"/>
        <line num="1325" count="0" type="cond" truecount="0" falsecount="2"/>
        <line num="1326" count="0" type="stmt"/>
        <line num="1327" count="0" type="stmt"/>
        <line num="1330" count="0" type="stmt"/>
        <line num="1331" count="0" type="stmt"/>
        <line num="1332" count="0" type="stmt"/>
        <line num="1333" count="0" type="stmt"/>
        <line num="1338" count="1" type="stmt"/>
        <line num="1339" count="1" type="cond" truecount="1" falsecount="1"/>
        <line num="1340" count="0" type="stmt"/>
        <line num="1341" count="0" type="stmt"/>
        <line num="1344" count="1" type="stmt"/>
        <line num="1345" count="0" type="cond" truecount="0" falsecount="2"/>
        <line num="1346" count="0" type="stmt"/>
        <line num="1347" count="0" type="stmt"/>
        <line num="1350" count="0" type="stmt"/>
        <line num="1351" count="0" type="cond" truecount="0" falsecount="2"/>
        <line num="1352" count="0" type="stmt"/>
        <line num="1353" count="0" type="stmt"/>
        <line num="1356" count="0" type="cond" truecount="0" falsecount="2"/>
        <line num="1357" count="0" type="stmt"/>
        <line num="1360" count="0" type="stmt"/>
        <line num="1361" count="0" type="stmt"/>
        <line num="1362" count="0" type="cond" truecount="0" falsecount="2"/>
        <line num="1363" count="0" type="stmt"/>
        <line num="1364" count="0" type="stmt"/>
        <line num="1367" count="0" type="stmt"/>
        <line num="1368" count="0" type="stmt"/>
        <line num="1374" count="0" type="cond" truecount="0" falsecount="2"/>
        <line num="1376" count="0" type="stmt"/>
        <line num="1377" count="0" type="stmt"/>
        <line num="1379" count="0" type="stmt"/>
        <line num="1380" count="0" type="stmt"/>
        <line num="1381" count="0" type="stmt"/>
        <line num="1384" count="1" type="stmt"/>
        <line num="1385" count="1" type="cond" truecount="1" falsecount="1"/>
        <line num="1386" count="0" type="stmt"/>
        <line num="1387" count="0" type="stmt"/>
        <line num="1390" count="1" type="stmt"/>
        <line num="1395" count="1" type="cond" truecount="1" falsecount="1"/>
        <line num="1397" count="0" type="stmt"/>
        <line num="1398" count="0" type="stmt"/>
        <line num="1399" count="0" type="stmt"/>
        <line num="1402" count="2" type="stmt"/>
        <line num="1405" count="1" type="stmt"/>
        <line num="1406" count="1" type="cond" truecount="1" falsecount="1"/>
        <line num="1407" count="0" type="stmt"/>
        <line num="1408" count="0" type="stmt"/>
        <line num="1411" count="1" type="stmt"/>
        <line num="1412" count="1" type="stmt"/>
        <line num="1413" count="1" type="cond" truecount="1" falsecount="1"/>
        <line num="1415" count="1" type="stmt"/>
        <line num="1426" count="1" type="stmt"/>
        <line num="1427" count="1" type="stmt"/>
        <line num="1428" count="1" type="stmt"/>
        <line num="1430" count="1" type="cond" truecount="1" falsecount="1"/>
        <line num="1431" count="0" type="stmt"/>
        <line num="1434" count="1" type="stmt"/>
        <line num="1435" count="1" type="stmt"/>
        <line num="1436" count="1" type="stmt"/>
        <line num="1445" count="1" type="stmt"/>
        <line num="1455" count="1" type="stmt"/>
        <line num="1456" count="0" type="stmt"/>
        <line num="1460" count="0" type="cond" truecount="0" falsecount="2"/>
        <line num="1461" count="0" type="stmt"/>
        <line num="1462" count="0" type="stmt"/>
        <line num="1466" count="1" type="stmt"/>
        <line num="1467" count="1" type="cond" truecount="0" falsecount="2"/>
        <line num="1468" count="1" type="stmt"/>
        <line num="1469" count="1" type="stmt"/>
        <line num="1470" count="1" type="stmt"/>
        <line num="1474" count="1" type="stmt"/>
        <line num="1476" count="1" type="stmt"/>
        <line num="1485" count="0" type="stmt"/>
        <line num="1486" count="0" type="cond" truecount="0" falsecount="2"/>
        <line num="1487" count="0" type="stmt"/>
        <line num="1488" count="0" type="stmt"/>
        <line num="1490" count="0" type="stmt"/>
        <line num="1491" count="0" type="stmt"/>
        <line num="1493" count="0" type="stmt"/>
        <line num="1498" count="0" type="stmt"/>
        <line num="1500" count="0" type="cond" truecount="0" falsecount="2"/>
        <line num="1501" count="0" type="stmt"/>
        <line num="1502" count="0" type="stmt"/>
        <line num="1508" count="0" type="stmt"/>
        <line num="1509" count="0" type="stmt"/>
        <line num="1510" count="0" type="cond" truecount="0" falsecount="2"/>
        <line num="1511" count="0" type="stmt"/>
        <line num="1512" count="0" type="stmt"/>
        <line num="1513" count="0" type="stmt"/>
        <line num="1514" count="0" type="cond" truecount="0" falsecount="2"/>
        <line num="1515" count="0" type="stmt"/>
        <line num="1519" count="0" type="stmt"/>
        <line num="1520" count="0" type="stmt"/>
        <line num="1524" count="0" type="stmt"/>
        <line num="1525" count="0" type="stmt"/>
        <line num="1526" count="0" type="stmt"/>
        <line num="1527" count="0" type="cond" truecount="0" falsecount="2"/>
        <line num="1528" count="0" type="stmt"/>
        <line num="1529" count="0" type="stmt"/>
        <line num="1530" count="0" type="stmt"/>
        <line num="1533" count="0" type="cond" truecount="0" falsecount="2"/>
        <line num="1537" count="0" type="stmt"/>
        <line num="1541" count="0" type="stmt"/>
        <line num="1542" count="0" type="stmt"/>
        <line num="1543" count="0" type="stmt"/>
        <line num="1550" count="0" type="stmt"/>
        <line num="1551" count="0" type="cond" truecount="0" falsecount="2"/>
        <line num="1554" count="0" type="stmt"/>
        <line num="1555" count="0" type="cond" truecount="0" falsecount="2"/>
        <line num="1556" count="0" type="cond" truecount="0" falsecount="2"/>
        <line num="1557" count="0" type="stmt"/>
        <line num="1558" count="0" type="stmt"/>
        <line num="1560" count="0" type="stmt"/>
        <line num="1561" count="0" type="cond" truecount="0" falsecount="2"/>
        <line num="1566" count="0" type="stmt"/>
        <line num="1567" count="0" type="stmt"/>
        <line num="1569" count="0" type="stmt"/>
        <line num="1571" count="0" type="stmt"/>
        <line num="1573" count="0" type="cond" truecount="0" falsecount="2"/>
        <line num="1576" count="0" type="stmt"/>
        <line num="1579" count="0" type="stmt"/>
        <line num="1580" count="0" type="cond" truecount="0" falsecount="2"/>
        <line num="1581" count="0" type="cond" truecount="0" falsecount="2"/>
        <line num="1583" count="0" type="cond" truecount="0" falsecount="2"/>
        <line num="1586" count="0" type="stmt"/>
        <line num="1588" count="0" type="cond" truecount="0" falsecount="2"/>
        <line num="1589" count="0" type="cond" truecount="0" falsecount="2"/>
        <line num="1590" count="0" type="stmt"/>
        <line num="1592" count="0" type="stmt"/>
        <line num="1594" count="0" type="stmt"/>
        <line num="1597" count="0" type="stmt"/>
        <line num="1598" count="0" type="cond" truecount="0" falsecount="2"/>
        <line num="1599" count="0" type="stmt"/>
        <line num="1600" count="0" type="stmt"/>
        <line num="1601" count="0" type="stmt"/>
        <line num="1604" count="0" type="cond" truecount="0" falsecount="2"/>
        <line num="1605" count="0" type="stmt"/>
        <line num="1612" count="0" type="stmt"/>
        <line num="1617" count="0" type="stmt"/>
        <line num="1618" count="0" type="cond" truecount="0" falsecount="4"/>
        <line num="1619" count="0" type="stmt"/>
        <line num="1620" count="0" type="cond" truecount="0" falsecount="2"/>
        <line num="1621" count="0" type="stmt"/>
        <line num="1622" count="0" type="cond" truecount="0" falsecount="2"/>
        <line num="1623" count="0" type="cond" truecount="0" falsecount="2"/>
        <line num="1624" count="0" type="stmt"/>
        <line num="1625" count="0" type="stmt"/>
        <line num="1626" count="0" type="stmt"/>
        <line num="1627" count="0" type="stmt"/>
        <line num="1631" count="0" type="cond" truecount="0" falsecount="2"/>
        <line num="1632" count="0" type="stmt"/>
        <line num="1633" count="0" type="cond" truecount="0" falsecount="2"/>
        <line num="1634" count="0" type="stmt"/>
        <line num="1635" count="0" type="cond" truecount="0" falsecount="4"/>
        <line num="1637" count="0" type="stmt"/>
        <line num="1638" count="0" type="stmt"/>
        <line num="1639" count="0" type="stmt"/>
        <line num="1640" count="0" type="stmt"/>
        <line num="1641" count="0" type="cond" truecount="0" falsecount="2"/>
        <line num="1642" count="0" type="stmt"/>
        <line num="1643" count="0" type="stmt"/>
        <line num="1644" count="0" type="stmt"/>
        <line num="1646" count="0" type="stmt"/>
        <line num="1647" count="0" type="stmt"/>
        <line num="1653" count="0" type="cond" truecount="0" falsecount="2"/>
        <line num="1654" count="0" type="cond" truecount="0" falsecount="2"/>
        <line num="1656" count="0" type="stmt"/>
        <line num="1657" count="0" type="stmt"/>
        <line num="1658" count="0" type="cond" truecount="0" falsecount="4"/>
        <line num="1659" count="0" type="stmt"/>
        <line num="1660" count="0" type="cond" truecount="0" falsecount="2"/>
        <line num="1661" count="0" type="stmt"/>
        <line num="1662" count="0" type="cond" truecount="0" falsecount="4"/>
        <line num="1663" count="0" type="stmt"/>
        <line num="1664" count="0" type="stmt"/>
        <line num="1665" count="0" type="stmt"/>
        <line num="1666" count="0" type="cond" truecount="0" falsecount="2"/>
        <line num="1667" count="0" type="stmt"/>
        <line num="1668" count="0" type="stmt"/>
        <line num="1669" count="0" type="stmt"/>
        <line num="1671" count="0" type="stmt"/>
        <line num="1672" count="0" type="stmt"/>
        <line num="1678" count="0" type="stmt"/>
        <line num="1680" count="0" type="stmt"/>
        <line num="1681" count="0" type="stmt"/>
        <line num="1683" count="0" type="stmt"/>
        <line num="1684" count="0" type="stmt"/>
        <line num="1691" count="0" type="cond" truecount="0" falsecount="2"/>
        <line num="1692" count="0" type="stmt"/>
        <line num="1693" count="0" type="stmt"/>
        <line num="1694" count="0" type="stmt"/>
        <line num="1697" count="0" type="stmt"/>
        <line num="1698" count="0" type="cond" truecount="0" falsecount="2"/>
        <line num="1700" count="0" type="cond" truecount="0" falsecount="2"/>
        <line num="1701" count="0" type="stmt"/>
        <line num="1702" count="0" type="stmt"/>
        <line num="1703" count="0" type="stmt"/>
        <line num="1704" count="0" type="stmt"/>
        <line num="1707" count="0" type="cond" truecount="0" falsecount="2"/>
        <line num="1708" count="0" type="stmt"/>
        <line num="1709" count="0" type="stmt"/>
        <line num="1710" count="0" type="stmt"/>
        <line num="1712" count="0" type="stmt"/>
        <line num="1714" count="0" type="stmt"/>
        <line num="1715" count="0" type="cond" truecount="0" falsecount="2"/>
        <line num="1716" count="0" type="stmt"/>
        <line num="1717" count="0" type="stmt"/>
        <line num="1718" count="0" type="stmt"/>
        <line num="1719" count="0" type="stmt"/>
        <line num="1722" count="0" type="cond" truecount="0" falsecount="2"/>
        <line num="1725" count="0" type="stmt"/>
        <line num="1726" count="0" type="stmt"/>
        <line num="1729" count="0" type="stmt"/>
        <line num="1730" count="0" type="cond" truecount="0" falsecount="2"/>
        <line num="1731" count="0" type="stmt"/>
        <line num="1732" count="0" type="stmt"/>
        <line num="1733" count="0" type="stmt"/>
        <line num="1735" count="0" type="cond" truecount="0" falsecount="2"/>
        <line num="1736" count="0" type="stmt"/>
        <line num="1737" count="0" type="stmt"/>
        <line num="1738" count="0" type="stmt"/>
        <line num="1740" count="0" type="stmt"/>
        <line num="1741" count="0" type="stmt"/>
        <line num="1744" count="0" type="cond" truecount="0" falsecount="2"/>
        <line num="1745" count="0" type="cond" truecount="0" falsecount="2"/>
        <line num="1750" count="1" type="cond" truecount="2" falsecount="0"/>
        <line num="1751" count="1" type="cond" truecount="1" falsecount="1"/>
        <line num="1752" count="1" type="stmt"/>
        <line num="1753" count="1" type="stmt"/>
        <line num="1755" count="1" type="stmt"/>
        <line num="1756" count="1" type="stmt"/>
        <line num="1757" count="1" type="stmt"/>
        <line num="1758" count="0" type="stmt"/>
        <line num="1759" count="0" type="stmt"/>
        <line num="1760" count="0" type="cond" truecount="0" falsecount="2"/>
        <line num="1761" count="0" type="cond" truecount="0" falsecount="2"/>
        <line num="1762" count="0" type="stmt"/>
        <line num="1763" count="0" type="cond" truecount="0" falsecount="2"/>
        <line num="1766" count="0" type="cond" truecount="0" falsecount="2"/>
        <line num="1767" count="0" type="stmt"/>
        <line num="1769" count="0" type="stmt"/>
        <line num="1773" count="1" type="stmt"/>
        <line num="1774" count="1" type="cond" truecount="1" falsecount="1"/>
        <line num="1775" count="1" type="stmt"/>
        <line num="1776" count="1" type="stmt"/>
        <line num="1778" count="0" type="stmt"/>
        <line num="1779" count="0" type="cond" truecount="0" falsecount="2"/>
        <line num="1780" count="0" type="stmt"/>
        <line num="1781" count="0" type="stmt"/>
        <line num="1783" count="0" type="stmt"/>
        <line num="1789" count="0" type="stmt"/>
        <line num="1794" count="0" type="cond" truecount="0" falsecount="2"/>
        <line num="1795" count="0" type="stmt"/>
        <line num="1796" count="0" type="stmt"/>
        <line num="1797" count="0" type="stmt"/>
        <line num="1798" count="0" type="stmt"/>
        <line num="1799" count="0" type="stmt"/>
        <line num="1803" count="1" type="stmt"/>
        <line num="1805" count="1" type="stmt"/>
        <line num="1806" count="1" type="stmt"/>
        <line num="1807" count="0" type="cond" truecount="0" falsecount="2"/>
        <line num="1808" count="0" type="stmt"/>
        <line num="1812" count="1" type="stmt"/>
        <line num="1813" count="0" type="stmt"/>
        <line num="1814" count="0" type="cond" truecount="0" falsecount="2"/>
        <line num="1815" count="0" type="stmt"/>
        <line num="1818" count="1" type="stmt"/>
        <line num="1819" count="0" type="stmt"/>
        <line num="1820" count="0" type="cond" truecount="0" falsecount="2"/>
        <line num="1821" count="0" type="stmt"/>
        <line num="1824" count="1" type="stmt"/>
        <line num="1825" count="0" type="stmt"/>
        <line num="1828" count="1" type="cond" truecount="1" falsecount="1"/>
        <line num="1829" count="1" type="stmt"/>
        <line num="1830" count="1" type="stmt"/>
        <line num="1833" count="0" type="stmt"/>
        <line num="1834" count="0" type="cond" truecount="0" falsecount="2"/>
        <line num="1836" count="0" type="stmt"/>
        <line num="1837" count="0" type="stmt"/>
        <line num="1838" count="0" type="cond" truecount="0" falsecount="2"/>
        <line num="1839" count="0" type="stmt"/>
        <line num="1840" count="0" type="stmt"/>
        <line num="1841" count="0" type="stmt"/>
        <line num="1845" count="1" type="stmt"/>
        <line num="1849" count="1" type="cond" truecount="1" falsecount="1"/>
        <line num="1851" count="0" type="stmt"/>
        <line num="1853" count="0" type="stmt"/>
        <line num="1856" count="0" type="cond" truecount="0" falsecount="2"/>
        <line num="1857" count="0" type="stmt"/>
        <line num="1858" count="0" type="stmt"/>
        <line num="1861" count="0" type="stmt"/>
        <line num="1864" count="0" type="stmt"/>
        <line num="1868" count="0" type="stmt"/>
        <line num="1873" count="0" type="cond" truecount="0" falsecount="2"/>
        <line num="1875" count="0" type="stmt"/>
        <line num="1876" count="0" type="stmt"/>
        <line num="1877" count="0" type="stmt"/>
        <line num="1878" count="0" type="stmt"/>
        <line num="1879" count="0" type="stmt"/>
        <line num="1882" count="1" type="stmt"/>
        <line num="1883" count="1" type="stmt"/>
        <line num="1885" count="2" type="stmt"/>
        <line num="1886" count="1" type="stmt"/>
        <line num="1887" count="1" type="stmt"/>
        <line num="1888" count="1" type="stmt"/>
        <line num="1889" count="1" type="stmt"/>
        <line num="1891" count="1" type="stmt"/>
        <line num="1892" count="1" type="stmt"/>
        <line num="1896" count="1" type="stmt"/>
        <line num="1897" count="1" type="cond" truecount="1" falsecount="1"/>
        <line num="1898" count="0" type="stmt"/>
        <line num="1902" count="1" type="stmt"/>
        <line num="1903" count="1" type="cond" truecount="1" falsecount="1"/>
        <line num="1904" count="0" type="stmt"/>
        <line num="1905" count="0" type="stmt"/>
        <line num="1911" count="1" type="stmt"/>
        <line num="1912" count="1" type="cond" truecount="0" falsecount="2"/>
        <line num="1913" count="1" type="cond" truecount="0" falsecount="2"/>
        <line num="1916" count="1" type="cond" truecount="1" falsecount="1"/>
        <line num="1918" count="1" type="cond" truecount="1" falsecount="1"/>
        <line num="1919" count="0" type="stmt"/>
        <line num="1920" count="0" type="stmt"/>
        <line num="1923" count="0" type="stmt"/>
        <line num="1924" count="0" type="cond" truecount="0" falsecount="2"/>
        <line num="1925" count="0" type="stmt"/>
        <line num="1926" count="0" type="stmt"/>
        <line num="1929" count="0" type="stmt"/>
        <line num="1934" count="0" type="cond" truecount="0" falsecount="4"/>
        <line num="1936" count="0" type="stmt"/>
        <line num="1937" count="0" type="stmt"/>
        <line num="1940" count="1" type="cond" truecount="2" falsecount="0"/>
        <line num="1941" count="1" type="cond" truecount="1" falsecount="1"/>
        <line num="1942" count="1" type="stmt"/>
        <line num="1943" count="1" type="cond" truecount="1" falsecount="1"/>
        <line num="1944" count="1" type="stmt"/>
        <line num="1949" count="1" type="stmt"/>
        <line num="1950" count="1" type="cond" truecount="1" falsecount="1"/>
        <line num="1951" count="1" type="stmt"/>
        <line num="1952" count="1" type="stmt"/>
        <line num="1953" count="1" type="stmt"/>
        <line num="1954" count="1" type="stmt"/>
        <line num="1957" count="1" type="stmt"/>
        <line num="1958" count="1" type="cond" truecount="1" falsecount="1"/>
        <line num="1959" count="1" type="stmt"/>
        <line num="1960" count="1" type="stmt"/>
        <line num="1961" count="1" type="stmt"/>
        <line num="1962" count="1" type="stmt"/>
        <line num="1965" count="1" type="stmt"/>
        <line num="1966" count="1" type="cond" truecount="1" falsecount="1"/>
        <line num="1967" count="1" type="stmt"/>
        <line num="1968" count="1" type="stmt"/>
        <line num="1969" count="1" type="cond" truecount="1" falsecount="1"/>
        <line num="1970" count="1" type="stmt"/>
        <line num="1971" count="1" type="stmt"/>
        <line num="1973" count="0" type="stmt"/>
        <line num="1974" count="0" type="stmt"/>
        <line num="1975" count="0" type="stmt"/>
        <line num="1978" count="1" type="stmt"/>
        <line num="1979" count="1" type="cond" truecount="1" falsecount="1"/>
        <line num="1980" count="1" type="stmt"/>
        <line num="1981" count="1" type="cond" truecount="1" falsecount="1"/>
        <line num="1982" count="1" type="stmt"/>
        <line num="1983" count="1" type="stmt"/>
        <line num="1985" count="0" type="stmt"/>
        <line num="1986" count="0" type="cond" truecount="0" falsecount="2"/>
        <line num="1987" count="0" type="cond" truecount="0" falsecount="2"/>
        <line num="1988" count="1" type="stmt"/>
        <line num="1989" count="1" type="stmt"/>
        <line num="1990" count="1" type="stmt"/>
        <line num="1996" count="1" type="stmt"/>
        <line num="1997" count="1" type="stmt"/>
        <line num="1998" count="1" type="stmt"/>
        <line num="1999" count="1" type="stmt"/>
        <line num="2000" count="1" type="stmt"/>
        <line num="2002" count="1" type="stmt"/>
        <line num="2003" count="0" type="stmt"/>
        <line num="2005" count="0" type="stmt"/>
        <line num="2006" count="0" type="cond" truecount="0" falsecount="2"/>
        <line num="2007" count="0" type="stmt"/>
        <line num="2008" count="0" type="stmt"/>
        <line num="2010" count="0" type="stmt"/>
        <line num="2011" count="0" type="stmt"/>
        <line num="2014" count="1" type="stmt"/>
        <line num="2015" count="1" type="cond" truecount="1" falsecount="1"/>
        <line num="2016" count="0" type="cond" truecount="0" falsecount="2"/>
        <line num="2017" count="1" type="stmt"/>
        <line num="2018" count="1" type="stmt"/>
        <line num="2020" count="1" type="cond" truecount="1" falsecount="1"/>
        <line num="2021" count="0" type="stmt"/>
        <line num="2022" count="0" type="stmt"/>
        <line num="2024" count="0" type="stmt"/>
        <line num="2025" count="0" type="stmt"/>
        <line num="2026" count="0" type="stmt"/>
        <line num="2029" count="1" type="stmt"/>
        <line num="2030" count="1" type="cond" truecount="1" falsecount="1"/>
        <line num="2031" count="1" type="stmt"/>
        <line num="2032" count="1" type="cond" truecount="1" falsecount="1"/>
        <line num="2033" count="1" type="stmt"/>
        <line num="2034" count="1" type="stmt"/>
        <line num="2036" count="0" type="stmt"/>
        <line num="2037" count="0" type="cond" truecount="0" falsecount="2"/>
        <line num="2038" count="0" type="stmt"/>
        <line num="2039" count="0" type="cond" truecount="0" falsecount="2"/>
        <line num="2040" count="0" type="cond" truecount="0" falsecount="2"/>
        <line num="2041" count="1" type="stmt"/>
        <line num="2043" count="1" type="stmt"/>
        <line num="2044" count="1" type="stmt"/>
        <line num="2045" count="1" type="stmt"/>
        <line num="2046" count="1" type="stmt"/>
        <line num="2047" count="1" type="stmt"/>
        <line num="2049" count="1" type="stmt"/>
        <line num="2050" count="0" type="stmt"/>
        <line num="2052" count="0" type="stmt"/>
        <line num="2053" count="0" type="cond" truecount="0" falsecount="2"/>
        <line num="2054" count="0" type="stmt"/>
        <line num="2055" count="0" type="stmt"/>
        <line num="2057" count="0" type="stmt"/>
        <line num="2058" count="0" type="stmt"/>
        <line num="2061" count="1" type="stmt"/>
        <line num="2062" count="1" type="stmt"/>
        <line num="2063" count="1" type="cond" truecount="3" falsecount="1"/>
        <line num="2064" count="1" type="stmt"/>
        <line num="2065" count="1" type="stmt"/>
        <line num="2066" count="1" type="cond" truecount="0" falsecount="2"/>
        <line num="2067" count="0" type="stmt"/>
        <line num="2069" count="0" type="stmt"/>
        <line num="2073" count="1" type="stmt"/>
        <line num="2074" count="1" type="cond" truecount="1" falsecount="1"/>
        <line num="2075" count="1" type="stmt"/>
        <line num="2076" count="1" type="cond" truecount="1" falsecount="1"/>
        <line num="2077" count="0" type="stmt"/>
        <line num="2078" count="0" type="cond" truecount="0" falsecount="2"/>
        <line num="2079" count="0" type="stmt"/>
        <line num="2080" count="0" type="stmt"/>
        <line num="2082" count="0" type="stmt"/>
        <line num="2086" count="1" type="stmt"/>
        <line num="2087" count="1" type="stmt"/>
        <line num="2088" count="1" type="stmt"/>
        <line num="2091" count="1" type="stmt"/>
        <line num="2092" count="1" type="stmt"/>
        <line num="2093" count="1" type="stmt"/>
        <line num="2096" count="1" type="stmt"/>
        <line num="2097" count="1" type="stmt"/>
        <line num="2098" count="1" type="cond" truecount="0" falsecount="2"/>
        <line num="2099" count="1" type="stmt"/>
        <line num="2100" count="1" type="stmt"/>
        <line num="2103" count="1" type="stmt"/>
        <line num="2104" count="1" type="stmt"/>
        <line num="2105" count="1" type="stmt"/>
        <line num="2106" count="1" type="cond" truecount="1" falsecount="3"/>
        <line num="2107" count="1" type="cond" truecount="1" falsecount="3"/>
        <line num="2108" count="1" type="cond" truecount="1" falsecount="1"/>
        <line num="2109" count="0" type="stmt"/>
        <line num="2110" count="0" type="stmt"/>
        <line num="2113" count="0" type="stmt"/>
        <line num="2114" count="1" type="cond" truecount="1" falsecount="1"/>
        <line num="2115" count="0" type="stmt"/>
        <line num="2116" count="0" type="stmt"/>
        <line num="2118" count="0" type="stmt"/>
        <line num="2119" count="0" type="cond" truecount="0" falsecount="2"/>
        <line num="2120" count="0" type="stmt"/>
        <line num="2121" count="0" type="stmt"/>
        <line num="2123" count="0" type="stmt"/>
        <line num="2124" count="0" type="stmt"/>
        <line num="2126" count="0" type="stmt"/>
        <line num="2127" count="0" type="stmt"/>
        <line num="2128" count="0" type="cond" truecount="0" falsecount="2"/>
        <line num="2129" count="0" type="stmt"/>
        <line num="2130" count="0" type="stmt"/>
        <line num="2133" count="0" type="stmt"/>
        <line num="2134" count="0" type="stmt"/>
        <line num="2139" count="0" type="cond" truecount="0" falsecount="2"/>
        <line num="2140" count="0" type="stmt"/>
        <line num="2141" count="0" type="cond" truecount="0" falsecount="2"/>
        <line num="2142" count="0" type="stmt"/>
        <line num="2143" count="0" type="stmt"/>
        <line num="2144" count="0" type="stmt"/>
        <line num="2148" count="0" type="stmt"/>
        <line num="2151" count="1" type="stmt"/>
        <line num="2154" count="0" type="stmt"/>
        <line num="2155" count="0" type="cond" truecount="0" falsecount="2"/>
        <line num="2156" count="0" type="stmt"/>
        <line num="2158" count="0" type="stmt"/>
        <line num="2164" count="1" type="cond" truecount="1" falsecount="1"/>
        <line num="2165" count="0" type="stmt"/>
        <line num="2166" count="0" type="stmt"/>
        <line num="2167" count="0" type="stmt"/>
        <line num="2170" count="1" type="stmt"/>
        <line num="2173" count="1" type="stmt"/>
        <line num="2174" count="1" type="stmt"/>
        <line num="2175" count="1" type="cond" truecount="1" falsecount="1"/>
        <line num="2176" count="0" type="stmt"/>
        <line num="2177" count="1" type="cond" truecount="1" falsecount="1"/>
        <line num="2178" count="0" type="stmt"/>
        <line num="2180" count="1" type="stmt"/>
        <line num="2184" count="1" type="stmt"/>
        <line num="2185" count="1" type="cond" truecount="1" falsecount="1"/>
        <line num="2186" count="0" type="stmt"/>
        <line num="2187" count="0" type="stmt"/>
        <line num="2189" count="1" type="cond" truecount="1" falsecount="1"/>
        <line num="2190" count="1" type="cond" truecount="1" falsecount="1"/>
        <line num="2192" count="0" type="cond" truecount="0" falsecount="2"/>
        <line num="2193" count="1" type="stmt"/>
        <line num="2194" count="1" type="stmt"/>
        <line num="2197" count="1" type="stmt"/>
        <line num="2198" count="1" type="cond" truecount="1" falsecount="1"/>
        <line num="2199" count="0" type="stmt"/>
        <line num="2200" count="0" type="stmt"/>
        <line num="2203" count="1" type="stmt"/>
        <line num="2211" count="1" type="cond" truecount="1" falsecount="1"/>
        <line num="2213" count="0" type="stmt"/>
        <line num="2214" count="0" type="stmt"/>
        <line num="2215" count="0" type="stmt"/>
        <line num="2217" count="0" type="cond" truecount="0" falsecount="2"/>
        <line num="2218" count="1" type="stmt"/>
        <line num="2225" count="1" type="stmt"/>
        <line num="2226" count="1" type="cond" truecount="1" falsecount="1"/>
        <line num="2228" count="1" type="stmt"/>
        <line num="2231" count="0" type="stmt"/>
        <line num="2232" count="0" type="cond" truecount="0" falsecount="2"/>
        <line num="2233" count="0" type="stmt"/>
        <line num="2235" count="0" type="stmt"/>
        <line num="2241" count="1" type="stmt"/>
        <line num="2242" count="1" type="stmt"/>
        <line num="2243" count="1" type="cond" truecount="3" falsecount="1"/>
        <line num="2244" count="0" type="stmt"/>
        <line num="2245" count="0" type="stmt"/>
        <line num="2247" count="1" type="cond" truecount="1" falsecount="1"/>
        <line num="2248" count="0" type="stmt"/>
        <line num="2249" count="0" type="stmt"/>
        <line num="2252" count="1" type="stmt"/>
        <line num="2253" count="1" type="stmt"/>
        <line num="2254" count="1" type="stmt"/>
        <line num="2260" count="1" type="stmt"/>
        <line num="2261" count="1" type="stmt"/>
        <line num="2262" count="1" type="stmt"/>
        <line num="2264" count="0" type="stmt"/>
        <line num="2265" count="0" type="stmt"/>
        <line num="2267" count="0" type="stmt"/>
        <line num="2268" count="0" type="stmt"/>
        <line num="2272" count="0" type="stmt"/>
        <line num="2273" count="0" type="stmt"/>
        <line num="2274" count="0" type="cond" truecount="0" falsecount="2"/>
        <line num="2275" count="0" type="stmt"/>
        <line num="2276" count="0" type="stmt"/>
        <line num="2278" count="0" type="stmt"/>
        <line num="2281" count="1" type="stmt"/>
        <line num="2286" count="1" type="stmt"/>
        <line num="2287" count="1" type="cond" truecount="1" falsecount="1"/>
        <line num="2288" count="1" type="stmt"/>
        <line num="2289" count="1" type="stmt"/>
        <line num="2295" count="0" type="cond" truecount="0" falsecount="2"/>
        <line num="2296" count="0" type="stmt"/>
        <line num="2298" count="0" type="stmt"/>
        <line num="2306" count="0" type="stmt"/>
        <line num="2308" count="0" type="stmt"/>
        <line num="2309" count="0" type="cond" truecount="0" falsecount="2"/>
        <line num="2310" count="0" type="stmt"/>
        <line num="2311" count="0" type="cond" truecount="0" falsecount="2"/>
        <line num="2313" count="0" type="cond" truecount="0" falsecount="2"/>
        <line num="2314" count="0" type="stmt"/>
        <line num="2315" count="0" type="cond" truecount="0" falsecount="2"/>
        <line num="2318" count="0" type="stmt"/>
        <line num="2319" count="0" type="cond" truecount="0" falsecount="2"/>
        <line num="2320" count="0" type="cond" truecount="0" falsecount="2"/>
        <line num="2323" count="0" type="cond" truecount="0" falsecount="2"/>
        <line num="2325" count="0" type="stmt"/>
        <line num="2329" count="0" type="stmt"/>
        <line num="2335" count="0" type="cond" truecount="0" falsecount="2"/>
        <line num="2336" count="0" type="cond" truecount="0" falsecount="2"/>
        <line num="2337" count="0" type="stmt"/>
        <line num="2338" count="0" type="stmt"/>
        <line num="2339" count="0" type="cond" truecount="0" falsecount="4"/>
        <line num="2341" count="0" type="stmt"/>
        <line num="2343" count="0" type="cond" truecount="0" falsecount="2"/>
        <line num="2344" count="0" type="cond" truecount="0" falsecount="2"/>
        <line num="2345" count="0" type="stmt"/>
        <line num="2346" count="0" type="stmt"/>
        <line num="2364" count="0" type="stmt"/>
        <line num="2368" count="2" type="cond" truecount="0" falsecount="2"/>
        <line num="2374" count="2" type="stmt"/>
        <line num="2375" count="2" type="cond" truecount="1" falsecount="1"/>
        <line num="2376" count="0" type="stmt"/>
        <line num="2378" count="0" type="cond" truecount="0" falsecount="2"/>
        <line num="2384" count="3" type="stmt"/>
        <line num="2385" count="3" type="stmt"/>
        <line num="2386" count="3" type="cond" truecount="3" falsecount="1"/>
        <line num="2388" count="3" type="stmt"/>
        <line num="2389" count="3" type="stmt"/>
        <line num="2390" count="3" type="cond" truecount="1" falsecount="3"/>
        <line num="2391" count="0" type="stmt"/>
        <line num="2393" count="0" type="stmt"/>
        <line num="2405" count="1" type="stmt"/>
        <line num="2406" count="1" type="stmt"/>
        <line num="2407" count="1" type="cond" truecount="3" falsecount="1"/>
        <line num="2409" count="1" type="stmt"/>
        <line num="2410" count="1" type="cond" truecount="2" falsecount="2"/>
        <line num="2411" count="0" type="cond" truecount="0" falsecount="2"/>
        <line num="2412" count="0" type="stmt"/>
        <line num="2415" count="0" type="stmt"/>
        <line num="2416" count="0" type="cond" truecount="0" falsecount="2"/>
        <line num="2417" count="0" type="stmt"/>
        <line num="2418" count="0" type="stmt"/>
        <line num="2421" count="0" type="cond" truecount="0" falsecount="2"/>
        <line num="2422" count="0" type="cond" truecount="0" falsecount="2"/>
        <line num="2424" count="0" type="stmt"/>
        <line num="2425" count="0" type="stmt"/>
      </file>
    </package>
    <package name="src.agent">
      <metrics statements="306" coveredstatements="215" conditionals="287" coveredconditionals="183" methods="67" coveredmethods="45"/>
      <file name="RailsAgent.ts" path="/home/z/my-project/ruby-rails-extension/src/agent/RailsAgent.ts">
        <metrics statements="199" coveredstatements="109" conditionals="223" coveredconditionals="121" methods="44" coveredmethods="22"/>
        <line num="15" count="9" type="cond" truecount="4" falsecount="0"/>
        <line num="19" count="12" type="stmt"/>
        <line num="20" count="12" type="cond" truecount="1" falsecount="1"/>
        <line num="21" count="0" type="stmt"/>
        <line num="22" count="0" type="cond" truecount="0" falsecount="2"/>
        <line num="24" count="12" type="stmt"/>
        <line num="28" count="22" type="cond" truecount="1" falsecount="1"/>
        <line num="32" count="4" type="stmt"/>
        <line num="33" count="4" type="cond" truecount="1" falsecount="1"/>
        <line num="35" count="0" type="stmt"/>
        <line num="101" count="57" type="stmt"/>
        <line num="102" count="57" type="stmt"/>
        <line num="103" count="57" type="stmt"/>
        <line num="104" count="57" type="stmt"/>
        <line num="105" count="57" type="stmt"/>
        <line num="109" count="1" type="stmt"/>
        <line num="113" count="18" type="stmt"/>
        <line num="114" count="18" type="cond" truecount="1" falsecount="1"/>
        <line num="117" count="18" type="cond" truecount="2" falsecount="0"/>
        <line num="118" count="18" type="stmt"/>
        <line num="120" count="18" type="stmt"/>
        <line num="121" count="18" type="stmt"/>
        <line num="122" count="18" type="cond" truecount="2" falsecount="0"/>
        <line num="126" count="18" type="cond" truecount="4" falsecount="0"/>
        <line num="127" count="15" type="cond" truecount="1" falsecount="3"/>
        <line num="128" count="15" type="stmt"/>
        <line num="132" count="48" type="stmt"/>
        <line num="136" count="18" type="cond" truecount="2" falsecount="0"/>
        <line num="138" count="18" type="cond" truecount="1" falsecount="1"/>
        <line num="139" count="0" type="stmt"/>
        <line num="140" count="0" type="cond" truecount="0" falsecount="2"/>
        <line num="141" count="0" type="cond" truecount="0" falsecount="2"/>
        <line num="144" count="18" type="cond" truecount="2" falsecount="0"/>
        <line num="145" count="3" type="stmt"/>
        <line num="146" count="3" type="cond" truecount="2" falsecount="0"/>
        <line num="147" count="2" type="cond" truecount="2" falsecount="0"/>
        <line num="148" count="3" type="stmt"/>
        <line num="150" count="3" type="cond" truecount="2" falsecount="3"/>
        <line num="151" count="0" type="stmt"/>
        <line num="153" count="2" type="stmt"/>
        <line num="163" count="15" type="stmt"/>
        <line num="167" count="15" type="stmt"/>
        <line num="168" count="15" type="stmt"/>
        <line num="173" count="0" type="stmt"/>
        <line num="174" count="0" type="stmt"/>
        <line num="175" count="0" type="stmt"/>
        <line num="176" count="0" type="stmt"/>
        <line num="179" count="0" type="stmt"/>
        <line num="180" count="0" type="stmt"/>
        <line num="181" count="0" type="stmt"/>
        <line num="186" count="15" type="stmt"/>
        <line num="204" count="15" type="stmt"/>
        <line num="205" count="15" type="cond" truecount="3" falsecount="1"/>
        <line num="213" count="15" type="stmt"/>
        <line num="215" count="0" type="stmt"/>
        <line num="220" count="1" type="stmt"/>
        <line num="235" count="2" type="stmt"/>
        <line num="236" count="2" type="stmt"/>
        <line num="247" count="2" type="stmt"/>
        <line num="248" count="2" type="stmt"/>
        <line num="258" count="2" type="cond" truecount="1" falsecount="1"/>
        <line num="259" count="0" type="stmt"/>
        <line num="262" count="2" type="stmt"/>
        <line num="263" count="2" type="stmt"/>
        <line num="264" count="2" type="cond" truecount="3" falsecount="1"/>
        <line num="269" count="2" type="stmt"/>
        <line num="270" count="2" type="stmt"/>
        <line num="272" count="0" type="stmt"/>
        <line num="282" count="0" type="stmt"/>
        <line num="283" count="0" type="stmt"/>
        <line num="293" count="0" type="stmt"/>
        <line num="294" count="0" type="stmt"/>
        <line num="305" count="0" type="cond" truecount="0" falsecount="2"/>
        <line num="306" count="0" type="stmt"/>
        <line num="309" count="0" type="stmt"/>
        <line num="310" count="0" type="cond" truecount="0" falsecount="3"/>
        <line num="313" count="0" type="stmt"/>
        <line num="314" count="0" type="stmt"/>
        <line num="316" count="0" type="stmt"/>
        <line num="337" count="7" type="stmt"/>
        <line num="339" count="7" type="stmt"/>
        <line num="340" count="12" type="cond" truecount="2" falsecount="0"/>
        <line num="344" count="12" type="stmt"/>
        <line num="345" count="12" type="cond" truecount="1" falsecount="1"/>
        <line num="346" count="0" type="stmt"/>
        <line num="347" count="0" type="stmt"/>
        <line num="350" count="12" type="stmt"/>
        <line num="351" count="12" type="cond" truecount="1" falsecount="1"/>
        <line num="352" count="0" type="stmt"/>
        <line num="353" count="0" type="stmt"/>
        <line num="356" count="12" type="stmt"/>
        <line num="357" count="12" type="cond" truecount="4" falsecount="0"/>
        <line num="358" count="3" type="stmt"/>
        <line num="359" count="3" type="stmt"/>
        <line num="365" count="9" type="cond" truecount="2" falsecount="0"/>
        <line num="366" count="1" type="stmt"/>
        <line num="367" count="1" type="stmt"/>
        <line num="368" count="1" type="stmt"/>
        <line num="373" count="8" type="cond" truecount="2" falsecount="0"/>
        <line num="374" count="4" type="stmt"/>
        <line num="375" count="4" type="cond" truecount="1" falsecount="1"/>
        <line num="376" count="4" type="stmt"/>
        <line num="377" count="4" type="stmt"/>
        <line num="380" count="4" type="stmt"/>
        <line num="383" count="0" type="stmt"/>
        <line num="387" count="7" type="cond" truecount="3" falsecount="0"/>
        <line num="389" count="7" type="cond" truecount="2" falsecount="0"/>
        <line num="400" count="7" type="stmt"/>
        <line num="446" count="5" type="cond" truecount="3" falsecount="0"/>
        <line num="448" count="5" type="stmt"/>
        <line num="517" count="4" type="cond" truecount="2" falsecount="0"/>
        <line num="518" count="4" type="cond" truecount="2" falsecount="0"/>
        <line num="519" count="3" type="stmt"/>
        <line num="520" count="3" type="stmt"/>
        <line num="521" count="6" type="cond" truecount="4" falsecount="0"/>
        <line num="522" count="5" type="stmt"/>
        <line num="524" count="3" type="stmt"/>
        <line num="525" count="3" type="cond" truecount="1" falsecount="1"/>
        <line num="529" count="3" type="cond" truecount="2" falsecount="0"/>
        <line num="538" count="2" type="cond" truecount="2" falsecount="0"/>
        <line num="539" count="1" type="cond" truecount="3" falsecount="2"/>
        <line num="540" count="0" type="stmt"/>
        <line num="543" count="1" type="stmt"/>
        <line num="551" count="2" type="cond" truecount="1" falsecount="1"/>
        <line num="552" count="2" type="cond" truecount="1" falsecount="1"/>
        <line num="553" count="2" type="stmt"/>
        <line num="556" count="0" type="stmt"/>
        <line num="557" count="0" type="stmt"/>
        <line num="558" count="0" type="stmt"/>
        <line num="559" count="0" type="stmt"/>
        <line num="561" count="0" type="stmt"/>
        <line num="566" count="18" type="stmt"/>
        <line num="567" count="18" type="stmt"/>
        <line num="568" count="18" type="cond" truecount="2" falsecount="0"/>
        <line num="569" count="18" type="cond" truecount="1" falsecount="1"/>
        <line num="571" count="18" type="cond" truecount="1" falsecount="1"/>
        <line num="588" count="18" type="stmt"/>
        <line num="589" count="18" type="cond" truecount="2" falsecount="0"/>
        <line num="590" count="1" type="stmt"/>
        <line num="593" count="18" type="cond" truecount="1" falsecount="1"/>
        <line num="594" count="0" type="stmt"/>
        <line num="597" count="18" type="cond" truecount="1" falsecount="1"/>
        <line num="598" count="0" type="stmt"/>
        <line num="601" count="18" type="cond" truecount="1" falsecount="1"/>
        <line num="602" count="0" type="stmt"/>
        <line num="605" count="18" type="cond" truecount="1" falsecount="1"/>
        <line num="606" count="0" type="stmt"/>
        <line num="609" count="18" type="cond" truecount="2" falsecount="0"/>
        <line num="610" count="12" type="stmt"/>
        <line num="613" count="18" type="stmt"/>
        <line num="617" count="1" type="stmt"/>
        <line num="630" count="0" type="cond" truecount="0" falsecount="2"/>
        <line num="631" count="0" type="cond" truecount="0" falsecount="2"/>
        <line num="633" count="0" type="cond" truecount="0" falsecount="2"/>
        <line num="646" count="0" type="cond" truecount="0" falsecount="2"/>
        <line num="647" count="0" type="stmt"/>
        <line num="651" count="0" type="stmt"/>
        <line num="652" count="0" type="cond" truecount="0" falsecount="2"/>
        <line num="653" count="0" type="stmt"/>
        <line num="654" count="0" type="stmt"/>
        <line num="655" count="0" type="stmt"/>
        <line num="656" count="0" type="cond" truecount="0" falsecount="2"/>
        <line num="657" count="0" type="stmt"/>
        <line num="662" count="0" type="stmt"/>
        <line num="663" count="0" type="cond" truecount="0" falsecount="2"/>
        <line num="664" count="0" type="stmt"/>
        <line num="667" count="0" type="cond" truecount="0" falsecount="2"/>
        <line num="668" count="0" type="stmt"/>
        <line num="672" count="0" type="cond" truecount="0" falsecount="2"/>
        <line num="673" count="0" type="stmt"/>
        <line num="676" count="0" type="stmt"/>
        <line num="680" count="0" type="stmt"/>
        <line num="682" count="0" type="stmt"/>
        <line num="683" count="0" type="cond" truecount="0" falsecount="2"/>
        <line num="684" count="0" type="stmt"/>
        <line num="687" count="0" type="stmt"/>
        <line num="688" count="0" type="cond" truecount="0" falsecount="2"/>
        <line num="689" count="0" type="stmt"/>
        <line num="692" count="0" type="cond" truecount="0" falsecount="2"/>
        <line num="693" count="0" type="stmt"/>
        <line num="694" count="0" type="cond" truecount="0" falsecount="2"/>
        <line num="696" count="0" type="stmt"/>
        <line num="700" count="0" type="cond" truecount="0" falsecount="2"/>
        <line num="701" count="0" type="stmt"/>
        <line num="702" count="0" type="stmt"/>
        <line num="703" count="0" type="cond" truecount="0" falsecount="2"/>
        <line num="704" count="0" type="cond" truecount="0" falsecount="2"/>
        <line num="706" count="0" type="stmt"/>
        <line num="707" count="0" type="stmt"/>
        <line num="708" count="0" type="cond" truecount="0" falsecount="2"/>
        <line num="710" count="0" type="stmt"/>
        <line num="714" count="18" type="cond" truecount="1" falsecount="1"/>
        <line num="716" count="0" type="stmt"/>
        <line num="717" count="0" type="stmt"/>
        <line num="718" count="0" type="cond" truecount="0" falsecount="2"/>
        <line num="719" count="0" type="stmt"/>
        <line num="720" count="0" type="stmt"/>
        <line num="723" count="0" type="stmt"/>
        <line num="724" count="0" type="stmt"/>
      </file>
      <file name="RailsRAGContext.ts" path="/home/z/my-project/ruby-rails-extension/src/agent/RailsRAGContext.ts">
        <metrics statements="38" coveredstatements="38" conditionals="21" coveredconditionals="21" methods="11" coveredmethods="11"/>
        <line num="9" count="3" type="stmt"/>
        <line num="12" count="3" type="stmt"/>
        <line num="13" count="3" type="stmt"/>
        <line num="17" count="8" type="stmt"/>
        <line num="18" count="8" type="stmt"/>
        <line num="19" count="7" type="cond" truecount="2" falsecount="0"/>
        <line num="21" count="6" type="stmt"/>
        <line num="22" count="6" type="cond" truecount="4" falsecount="0"/>
        <line num="24" count="8" type="cond" truecount="2" falsecount="0"/>
        <line num="25" count="2" type="stmt"/>
        <line num="28" count="4" type="stmt"/>
        <line num="29" count="14" type="cond" truecount="2" falsecount="0"/>
        <line num="30" count="1" type="stmt"/>
        <line num="33" count="3" type="stmt"/>
        <line num="35" count="1" type="stmt"/>
        <line num="40" count="9" type="stmt"/>
        <line num="41" count="9" type="stmt"/>
        <line num="43" count="9" type="stmt"/>
        <line num="44" count="9" type="cond" truecount="2" falsecount="0"/>
        <line num="45" count="5" type="stmt"/>
        <line num="46" count="5" type="stmt"/>
        <line num="47" count="10" type="stmt"/>
        <line num="48" count="5" type="stmt"/>
        <line num="52" count="9" type="cond" truecount="2" falsecount="0"/>
        <line num="53" count="7" type="stmt"/>
        <line num="54" count="7" type="stmt"/>
        <line num="55" count="15" type="stmt"/>
        <line num="59" count="9" type="cond" truecount="2" falsecount="0"/>
        <line num="60" count="2" type="stmt"/>
        <line num="63" count="9" type="stmt"/>
        <line num="67" count="9" type="stmt"/>
        <line num="68" count="9" type="stmt"/>
        <line num="69" count="9" type="cond" truecount="3" falsecount="0"/>
        <line num="71" count="9" type="stmt"/>
        <line num="76" count="9" type="stmt"/>
        <line num="77" count="9" type="stmt"/>
        <line num="78" count="49" type="cond" truecount="2" falsecount="0"/>
        <line num="79" count="65" type="stmt"/>
      </file>
      <file name="SpeculativeFixCache.ts" path="/home/z/my-project/ruby-rails-extension/src/agent/SpeculativeFixCache.ts">
[...]
        <line num="32" count="30" type="stmt"/>
        <line num="35" count="1" type="stmt"/>
        <line num="37" count="30" type="stmt"/>
        <line num="41" count="62" type="stmt"/>
        <line num="46" count="33" type="stmt"/>
        <line num="49" count="1" type="stmt"/>
        <line num="50" count="2" type="stmt"/>
        <line num="51" count="34" type="stmt"/>
        <line num="52" count="2" type="stmt"/>
        <line num="53" count="2" type="stmt"/>
        <line num="56" count="3" type="stmt"/>
        <line num="60" count="41" type="cond" truecount="2" falsecount="0"/>
        <line num="61" count="38" type="cond" truecount="1" falsecount="1"/>
        <line num="63" count="38" type="stmt"/>
        <line num="64" count="38" type="stmt"/>
        <line num="65" count="38" type="cond" truecount="2" falsecount="0"/>
        <line num="66" count="32" type="stmt"/>
        <line num="68" count="6" type="stmt"/>
        <line num="71" count="38" type="stmt"/>
        <line num="75" count="38" type="stmt"/>
        <line num="76" count="38" type="cond" truecount="2" falsecount="0"/>
        <line num="77" count="4" type="stmt"/>
        <line num="78" count="4" type="stmt"/>
        <line num="79" count="4" type="stmt"/>
        <line num="80" count="4" type="cond" truecount="2" falsecount="0"/>
        <line num="81" count="3" type="stmt"/>
        <line num="82" count="3" type="cond" truecount="2" falsecount="0"/>
        <line num="83" count="3" type="stmt"/>
        <line num="92" count="38" type="cond" truecount="2" falsecount="0"/>
        <line num="93" count="2" type="stmt"/>
        <line num="94" count="2" type="stmt"/>
        <line num="95" count="2" type="cond" truecount="1" falsecount="1"/>
        <line num="97" count="1" type="stmt"/>
      </file>
      <file name="LruCache.ts" path="/home/z/my-project/ruby-rails-extension/src/util/LruCache.ts">
        <metrics statements="17" coveredstatements="17" conditionals="6" coveredconditionals="5" methods="8" coveredmethods="8"/>
        <line num="9" count="148" type="stmt"/>
        <line num="11" count="148" type="stmt"/>
        <line num="14" count="53" type="cond" truecount="2" falsecount="0"/>
        <line num="15" count="27" type="stmt"/>
        <line num="16" count="27" type="stmt"/>
        <line num="17" count="27" type="stmt"/>
        <line num="18" count="27" type="stmt"/>
        <line num="22" count="41" type="stmt"/>
        <line num="23" count="41" type="stmt"/>
        <line num="24" count="41" type="cond" truecount="2" falsecount="0"/>
        <line num="25" count="2" type="stmt"/>
        <line num="26" count="2" type="cond" truecount="1" falsecount="1"/>
        <line num="31" count="5" type="stmt"/>
        <line num="35" count="2" type="stmt"/>
        <line num="39" count="2" type="stmt"/>
        <line num="43" count="1" type="stmt"/>
        <line num="47" count="4" type="stmt"/>
      </file>
    </package>
    <package name="src.views">
      <metrics statements="72" coveredstatements="71" conditionals="32" coveredconditionals="27" methods="22" coveredmethods="22"/>
      <file name="PatternCatalogTreeProvider.ts" path="/home/z/my-project/ruby-rails-extension/src/views/PatternCatalogTreeProvider.ts">
        <metrics statements="26" coveredstatements="26" conditionals="12" coveredconditionals="12" methods="8" coveredmethods="8"/>
        <line num="9" count="24" type="stmt"/>
        <line num="10" count="24" type="stmt"/>
        <line num="11" count="24" type="stmt"/>
        <line num="12" count="24" type="stmt"/>
        <line num="13" count="24" type="stmt"/>
        <line num="14" count="24" type="stmt"/>
        <line num="16" count="24" type="stmt"/>
        <line num="17" count="24" type="cond" truecount="2" falsecount="0"/>
        <line num="18" count="12" type="stmt"/>
        <line num="29" count="1" type="stmt"/>
        <line num="33" count="6" type="cond" truecount="2" falsecount="0"/>
        <line num="34" count="1" type="stmt"/>
        <line num="37" count="5" type="cond" truecount="2" falsecount="0"/>
        <line num="38" count="1" type="stmt"/>
        <line num="40" count="4" type="cond" truecount="2" falsecount="0"/>
        <line num="41" count="1" type="stmt"/>
        <line num="43" count="3" type="cond" truecount="2" falsecount="0"/>
        <line num="44" count="1" type="stmt"/>
        <line num="46" count="2" type="cond" truecount="2" falsecount="0"/>
        <line num="47" count="1" type="stmt"/>
        <line num="50" count="1" type="stmt"/>
        <line num="54" count="1" type="stmt"/>
        <line num="63" count="1" type="stmt"/>
        <line num="73" count="1" type="stmt"/>
        <line num="81" count="1" type="stmt"/>
        <line num="89" count="1" type="stmt"/>
      </file>
      <file name="RailsArchitectureTreeProvider.ts" path="/home/z/my-project/ruby-rails-extension/src/views/RailsArchitectureTreeProvider.ts">
        <metrics statements="46" coveredstatements="45" conditionals="20" coveredconditionals="15" methods="14" coveredmethods="14"/>
        <line num="13" count="22" type="stmt"/>
        <line num="14" count="22" type="stmt"/>
        <line num="15" count="22" type="stmt"/>
        <line num="16" count="22" type="stmt"/>
        <line num="18" count="22" type="stmt"/>
        <line num="23" count="35" type="stmt"/>
        <line num="24" count="35" type="stmt"/>
        <line num="27" count="35" type="stmt"/>
        <line num="28" count="35" type="stmt"/>
        <line num="29" count="35" type="stmt"/>
        <line num="30" count="35" type="stmt"/>
        <line num="34" count="1" type="stmt"/>
        <line num="35" count="1" type="stmt"/>
        <line num="39" count="1" type="stmt"/>
        <line num="43" count="5" type="cond" truecount="2" falsecount="0"/>
        <line num="44" count="1" type="stmt"/>
        <line num="47" count="4" type="cond" truecount="2" falsecount="0"/>
        <line num="48" count="1" type="stmt"/>
        <line num="51" count="3" type="cond" truecount="2" falsecount="0"/>
        <line num="52" count="1" type="stmt"/>
        <line num="55" count="2" type="cond" truecount="2" falsecount="0"/>
        <line num="56" count="1" type="stmt"/>
        <line num="59" count="1" type="cond" truecount="1" falsecount="1"/>
        <line num="60" count="1" type="stmt"/>
        <line num="63" count="0" type="stmt"/>
        <line num="67" count="1" type="stmt"/>
        <line num="90" count="1" type="stmt"/>
        <line num="101" count="1" type="stmt"/>
        <line num="102" count="2" type="stmt"/>
        <line num="103" count="2" type="stmt"/>
        <line num="113" count="1" type="stmt"/>
        <line num="117" count="1" type="stmt"/>
        <line num="118" count="1" type="stmt"/>
        <line num="119" count="3" type="cond" truecount="2" falsecount="0"/>
        <line num="120" count="3" type="stmt"/>
        <line num="121" count="3" type="stmt"/>
        <line num="124" count="1" type="stmt"/>
        <line num="125" count="2" type="stmt"/>
        <line num="131" count="2" type="stmt"/>
        <line num="132" count="2" type="stmt"/>
        <line num="135" count="1" type="stmt"/>
        <line num="136" count="1" type="stmt"/>
        <line num="146" count="1" type="stmt"/>
        <line num="150" count="1" type="stmt"/>
        <line num="151" count="3" type="stmt"/>
        <line num="152" count="2" type="stmt"/>
      </file>
    </package>
    <package name="src.workspace">
      <metrics statements="48" coveredstatements="48" conditionals="24" coveredconditionals="24" methods="6" coveredmethods="6"/>
      <file name="WorkspaceOptimizer.ts" path="/home/z/my-project/ruby-rails-extension/src/workspace/WorkspaceOptimizer.ts">
        <metrics statements="48" coveredstatements="48" conditionals="24" coveredconditionals="24" methods="6" coveredmethods="6"/>
        <line num="4" count="4" type="stmt"/>
        <line num="19" count="4" type="stmt"/>
        <line num="30" count="4" type="stmt"/>
        <line num="39" count="4" type="stmt"/>
        <line num="45" count="8" type="cond" truecount="2" falsecount="0"/>
        <line num="46" count="13" type="stmt"/>
        <line num="47" count="7" type="cond" truecount="3" falsecount="0"/>
        <line num="48" count="8" type="cond" truecount="2" falsecount="0"/>
        <line num="55" count="11" type="cond" truecount="2" falsecount="0"/>
        <line num="56" count="11" type="stmt"/>
        <line num="57" count="116" type="cond" truecount="2" falsecount="0"/>
        <line num="58" count="114" type="stmt"/>
        <line num="61" count="11" type="stmt"/>
        <line num="68" count="6" type="cond" truecount="2" falsecount="0"/>
        <line num="69" count="6" type="stmt"/>
        <line num="70" count="36" type="stmt"/>
        <line num="72" count="6" type="stmt"/>
        <line num="78" count="4" type="stmt"/>
        <line num="79" count="4" type="stmt"/>
        <line num="80" count="4" type="stmt"/>
        <line num="82" count="4" type="stmt"/>
        <line num="83" count="4" type="stmt"/>
        <line num="84" count="4" type="stmt"/>
        <line num="86" count="4" type="stmt"/>
        <line num="87" count="4" type="stmt"/>
        <line num="88" count="4" type="stmt"/>
        <line num="90" count="4" type="stmt"/>
        <line num="91" count="4" type="stmt"/>
        <line num="92" count="4" type="stmt"/>
        <line num="93" count="4" type="stmt"/>
        <line num="100" count="6" type="cond" truecount="4" falsecount="0"/>
        <line num="101" count="2" type="stmt"/>
        <line num="104" count="4" type="stmt"/>
        <line num="105" count="4" type="stmt"/>
        <line num="106" count="4" type="stmt"/>
        <line num="107" count="6" type="stmt"/>
        <line num="109" count="6" type="cond" truecount="2" falsecount="0"/>
        <line num="110" count="1" type="stmt"/>
        <line num="113" count="3" type="cond" truecount="2" falsecount="0"/>
        <line num="114" count="1" type="stmt"/>
        <line num="115" count="1" type="stmt"/>
        <line num="116" count="1" type="stmt"/>
        <line num="119" count="2" type="stmt"/>
        <line num="124" count="2" type="cond" truecount="2" falsecount="0"/>
        <line num="125" count="1" type="stmt"/>
        <line num="126" count="1" type="stmt"/>
        <line num="127" count="1" type="stmt"/>
        <line num="130" count="1" type="stmt"/>
      </file>
    </package>
    <package name="test.__mocks__">
      <metrics statements="143" coveredstatements="123" conditionals="36" coveredconditionals="23" methods="89" coveredmethods="60"/>
      <file name="vscode.ts" path="/home/z/my-project/ruby-rails-extension/test/__mocks__/vscode.ts">
        <metrics statements="143" coveredstatements="123" conditionals="36" coveredconditionals="23" methods="89" coveredmethods="60"/>
        <line num="1" count="40" type="stmt"/>
        <line num="12" count="161" type="stmt"/>
        <line num="13" count="161" type="stmt"/>
        <line num="14" count="161" type="stmt"/>
        <line num="15" count="161" type="stmt"/>
        <line num="17" count="161" type="stmt"/>
        <line num="18" count="161" type="stmt"/>
        <line num="24" count="473" type="stmt"/>
        <line num="25" count="473" type="stmt"/>
        <line num="33" count="63" type="stmt"/>
        <line num="34" count="63" type="stmt"/>
        <line num="35" count="63" type="cond" truecount="1" falsecount="0"/>
        <line num="43" count="69" type="stmt"/>
        <line num="44" count="69" type="stmt"/>
        <line num="48" count="40" type="stmt"/>
        <line num="79" count="15" type="stmt"/>
        <line num="80" count="15" type="stmt"/>
        <line num="81" count="15" type="stmt"/>
        <line num="82" count="15" type="stmt"/>
        <line num="84" count="15" type="stmt"/>
        <line num="85" count="15" type="stmt"/>
        <line num="89" count="40" type="stmt"/>
        <line num="98" count="22" type="stmt"/>
        <line num="99" count="22" type="stmt"/>
        <line num="101" count="60" type="stmt"/>
        <line num="102" count="60" type="stmt"/>
        <line num="105" count="8" type="cond" truecount="1" falsecount="1"/>
        <line num="106" count="8" type="stmt"/>
        <line num="112" count="19" type="stmt"/>
        <line num="113" count="19" type="stmt"/>
        <line num="120" count="1" type="stmt"/>
        <line num="123" count="1" type="stmt"/>
        <line num="128" count="35" type="stmt"/>
        <line num="140" count="52" type="stmt"/>
        <line num="144" count="52" type="stmt"/>
        <line num="148" count="40" type="stmt"/>
        <line num="155" count="4" type="stmt"/>
        <line num="156" count="0" type="stmt"/>
        <line num="157" count="0" type="stmt"/>
        <line num="158" count="0" type="stmt"/>
        <line num="161" count="4" type="stmt"/>
        <line num="167" count="39" type="stmt"/>
        <line num="168" count="39" type="stmt"/>
        <line num="169" count="39" type="stmt"/>
        <line num="170" count="39" type="stmt"/>
        <line num="175" count="39" type="stmt"/>
        <line num="179" count="23" type="stmt"/>
        <line num="181" count="17" type="stmt"/>
        <line num="184" count="7" type="stmt"/>
        <line num="187" count="1" type="stmt"/>
        <line num="194" count="278" type="stmt"/>
        <line num="197" count="26" type="stmt"/>
        <line num="200" count="12" type="stmt"/>
        <line num="203" count="61" type="stmt"/>
        <line num="208" count="977" type="stmt"/>
        <line num="215" count="231" type="stmt"/>
        <line num="220" count="231" type="stmt"/>
        <line num="221" count="231" type="stmt"/>
        <line num="222" count="231" type="stmt"/>
        <line num="223" count="231" type="stmt"/>
        <line num="224" count="975" type="stmt"/>
        <line num="225" count="231" type="stmt"/>
        <line num="229" count="115" type="cond" truecount="2" falsecount="0"/>
        <line num="230" count="45" type="stmt"/>
        <line num="231" count="45" type="cond" truecount="2" falsecount="0"/>
        <line num="232" count="44" type="stmt"/>
        <line num="234" count="1" type="stmt"/>
        <line num="235" count="1" type="stmt"/>
        <line num="236" count="2" type="cond" truecount="2" falsecount="0"/>
        <line num="237" count="1" type="stmt"/>
        <line num="238" count="1" type="cond" truecount="1" falsecount="1"/>
        <line num="239" count="1" type="stmt"/>
        <line num="241" count="0" type="stmt"/>
        <line num="244" count="1" type="stmt"/>
        <line num="248" count="60" type="cond" truecount="2" falsecount="0"/>
        <line num="249" count="53" type="cond" truecount="2" falsecount="0"/>
        <line num="251" count="7" type="cond" truecount="1" falsecount="1"/>
        <line num="252" count="7" type="cond" truecount="1" falsecount="1"/>
        <line num="254" count="0" type="stmt"/>
        <line num="257" count="231" type="stmt"/>
        <line num="259" count="4" type="stmt"/>
        <line num="263" count="32" type="stmt"/>
        <line num="264" count="32" type="stmt"/>
        <line num="265" count="87" type="cond" truecount="2" falsecount="0"/>
        <line num="266" count="32" type="stmt"/>
        <line num="268" count="55" type="stmt"/>
        <line num="270" count="0" type="stmt"/>
        <line num="275" count="15" type="stmt"/>
        <line num="280" count="12" type="stmt"/>
        <line num="281" count="12" type="stmt"/>
        <line num="286" count="3" type="stmt"/>
        <line num="290" count="1" type="stmt"/>
        <line num="297" count="12" type="stmt"/>
        <line num="299" count="12" type="stmt"/>
        <line num="303" count="12" type="stmt"/>
        <line num="304" count="12" type="stmt"/>
        <line num="316" count="10" type="stmt"/>
        <line num="321" count="12" type="stmt"/>
        <line num="324" count="4" type="stmt"/>
        <line num="330" count="40" type="stmt"/>
        <line num="333" count="4" type="stmt"/>
        <line num="336" count="40" type="stmt"/>
        <line num="342" count="40" type="stmt"/>
        <line num="344" count="40" type="stmt"/>
        <line num="345" count="40" type="stmt"/>
        <line num="346" count="0" type="stmt"/>
        <line num="351" count="10" type="cond" truecount="1" falsecount="1"/>
        <line num="353" count="2" type="cond" truecount="4" falsecount="1"/>
        <line num="354" count="0" type="cond" truecount="0" falsecount="2"/>
        <line num="356" count="2" type="stmt"/>
        <line num="357" count="2" type="stmt"/>
        <line num="359" count="1" type="stmt"/>
        <line num="360" count="0" type="stmt"/>
        <line num="361" count="0" type="cond" truecount="0" falsecount="2"/>
        <line num="362" count="0" type="cond" truecount="0" falsecount="2"/>
        <line num="363" count="0" type="stmt"/>
        <line num="366" count="0" type="stmt"/>
        <line num="368" count="0" type="stmt"/>
        <line num="371" count="40" type="stmt"/>
        <line num="372" count="0" type="stmt"/>
        <line num="375" count="2" type="stmt"/>
        <line num="386" count="1" type="stmt"/>
        <line num="387" count="1" type="stmt"/>
        <line num="388" count="0" type="stmt"/>
        <line num="389" count="0" type="stmt"/>
        <line num="390" count="5" type="stmt"/>
        <line num="391" count="0" type="stmt"/>
        <line num="394" count="40" type="stmt"/>
        <line num="395" count="0" type="stmt"/>
        <line num="396" count="1" type="stmt"/>
        <line num="399" count="40" type="stmt"/>
        <line num="400" count="10" type="stmt"/>
        <line num="403" count="40" type="stmt"/>
        <line num="404" count="74" type="stmt"/>
        <line num="418" count="26" type="stmt"/>
        <line num="419" count="26" type="stmt"/>
        <line num="420" count="26" type="stmt"/>
        <line num="421" count="26" type="stmt"/>
        <line num="422" count="64" type="stmt"/>
        <line num="424" count="20" type="cond" truecount="1" falsecount="1"/>
        <line num="428" count="26" type="stmt"/>
        <line num="442" count="40" type="stmt"/>
        <line num="444" count="0" type="stmt"/>
      </file>
    </package>
    <package name="test.fixtures">
      <metrics statements="3" coveredstatements="3" conditionals="0" coveredconditionals="0" methods="0" coveredmethods="0"/>
      <file name="devdocsFixtures.ts" path="/home/z/my-project/ruby-rails-extension/test/fixtures/devdocsFixtures.ts">
        <metrics statements="3" coveredstatements="3" conditionals="0" coveredconditionals="0" methods="0" coveredmethods="0"/>
        <line num="11" count="1" type="stmt"/>
        <line num="13" count="1" type="stmt"/>
        <line num="15" count="1" type="stmt"/>
      </file>
    </package>
    <package name="test.support">
      <metrics statements="11" coveredstatements="10" conditionals="2" coveredconditionals="1" methods="5" coveredmethods="5"/>
      <file name="cassette.ts" path="/home/z/my-project/ruby-rails-extension/test/support/cassette.ts">
        <metrics statements="11" coveredstatements="10" conditionals="2" coveredconditionals="1" methods="5" coveredmethods="5"/>
        <line num="33" count="1" type="stmt"/>
        <line num="36" count="7" type="stmt"/>
        <line num="40" count="6" type="stmt"/>
        <line num="41" count="6" type="cond" truecount="1" falsecount="1"/>
        <line num="42" count="0" type="stmt"/>
        <line num="47" count="6" type="stmt"/>
        <line num="55" count="6" type="stmt"/>
        <line num="56" count="6" type="stmt"/>
        <line num="57" count="7" type="stmt"/>
        <line num="61" count="7" type="stmt"/>
        <line num="64" count="6" type="stmt"/>
      </file>
    </package>
  </project>
</coverage>
